<?xml version="1.0" encoding="UTF-8"?>
<!-- Generated by org.testng.reporters.JUnitReportReporter -->
<testsuite hostname="Sathish-PC" failures="0" tests="6" name="testCases.TC003_Login_DDT" time="32.980" errors="0" timestamp="2025-03-31T11:21:30 IST" skipped="0">
  <testcase classname="testCases.TC003_Login_DDT" name="verify_LoginDDT" time="2.501"/>
  <testcase classname="testCases.TC003_Login_DDT" name="verify_LoginDDT" time="2.487"/>
  <testcase classname="testCases.TC003_Login_DDT" name="verify_LoginDDT" time="3.118"/>
  <testcase classname="testCases.TC003_Login_DDT" name="verify_LoginDDT" time="1.935"/>
  <testcase classname="testCases.TC003_Login_DDT" name="verify_LoginDDT" time="11.591"/>
  <testcase classname="testCases.TC003_Login_DDT" name="verify_LoginDDT" time="11.348"/>
</testsuite> <!-- testCases.TC003_Login_DDT -->
