<?xml version="1.0" encoding="UTF-8"?>
<!-- Generated by org.testng.reporters.JUnitReportReporter -->
<testsuite hostname="Sathish-PC" failures="0" tests="1" name="utilities.DataProviders" time="2.578" errors="0" timestamp="2025-03-30T22:33:59 IST" skipped="0">
  <testcase classname="utilities.DataProviders" name="getData" time="2.578"/>
</testsuite> <!-- utilities.DataProviders -->
