<?xml version="1.0" encoding="UTF-8"?>
<!-- Generated by org.testng.reporters.JUnitReportReporter -->
<testsuite hostname="Sathish-PC" failures="0" tests="1" name="testCases.TC_002_LoginTest" time="3.241" errors="0" timestamp="2025-04-02T18:59:22 IST" skipped="0">
  <testcase classname="testCases.TC_002_LoginTest" name="verify_Login" time="3.241"/>
</testsuite> <!-- testCases.TC_002_LoginTest -->
